<?xml version="1.0" encoding="UTF-8"?>
<!-- Generated by org.testng.reporters.JUnitReportReporter -->
<testsuite skipped="0" hostname="DESKTOP-V7RVS5N" name="pkg_POM_Package.LoginTest" tests="1" failures="0" timestamp="2021-02-09T15:41:06 IST" time="13.671" errors="0">
  <testcase name="Login" time="13.671" classname="pkg_POM_Package.LoginTest"/>
  <system-out/>
</testsuite> <!-- pkg_POM_Package.LoginTest -->
